<?xml version="1.0" encoding="UTF-8"?>
<testng-results skipped="0" failed="0" ignored="0" total="1" passed="1">
  <reporter-output>
  </reporter-output>
  <suite name="Default suite" duration-ms="22801" started-at="2019-07-21T14:55:29Z" finished-at="2019-07-21T14:55:52Z">
    <groups>
    </groups>
    <test name="Default test" duration-ms="22801" started-at="2019-07-21T14:55:29Z" finished-at="2019-07-21T14:55:52Z">
      <class name="com.dropdown.Testt">
        <test-method status="PASS" signature="parentt()[pri:0, instance:com.dropdown.Testt@6093dd95]" name="parentt" duration-ms="22770" started-at="2019-07-21T14:55:29Z" finished-at="2019-07-21T14:55:52Z">
          <reporter-output>
          </reporter-output>
        </test-method> <!-- parentt -->
      </class> <!-- com.dropdown.Testt -->
    </test> <!-- Default test -->
  </suite> <!-- Default suite -->
</testng-results>
